<?xml version="1.0" encoding="UTF-8"?>
<!-- Generated by org.testng.reporters.JUnitXMLReporter -->
<testsuite ignored="0" hostname="DESKTOP-3QDGDBE" failures="2" tests="9" name="Practice" time="8.842" errors="0" timestamp="2023-02-12T16:17:06 IST">
  <testcase classname="practice.Practice1" name="mobile" time="0.0">
    <failure type="org.testng.TestNGException" message="
Cannot inject @Test annotated Method [mobile] with [class java.lang.String].
For more information on native dependency injection please refer to https://testng.org/doc/documentation-main.html#native-dependency-injection">
      <![CDATA[org.testng.TestNGException: 
Cannot inject @Test annotated Method [mobile] with [class java.lang.String].
For more information on native dependency injection please refer to https://testng.org/doc/documentation-main.html#native-dependency-injection
at java.base/java.util.ArrayList.forEach(ArrayList.java:1511)
... Removed 26 stack frames]]>
    </failure>
  </testcase> <!-- mobile -->
  <testcase classname="practice.Practice1" name="api" time="0.0">
    <skipped/>
  </testcase> <!-- api -->
  <testcase classname="practice.Practice1" name="web" time="0.0">
    <skipped/>
  </testcase> <!-- web -->
  <testcase classname="practice.Practice2" name="method1" time="0.001"/>
  <testcase classname="practice.Practice2" name="method2" time="0.001"/>
  <testcase classname="practice.Practice2" name="method3" time="0.001"/>
  <testcase classname="practice.Practice2" name="method4" time="0.001"/>
  <testcase classname="practice.Class3" name="failure" time="5.559">
    <failure type="java.lang.AssertionError" message="expected [false] but found [true]">
      <![CDATA[java.lang.AssertionError: expected [false] but found [true]
at practice.Class3.failure(Class3.java:31)
at java.base/java.util.ArrayList.forEach(ArrayList.java:1511)
... Removed 31 stack frames]]>
    </failure>
  </testcase> <!-- failure -->
  <testcase classname="practice.Class3" name="success" time="3.255"/>
</testsuite> <!-- Practice -->
