<?xml version="1.0" encoding="UTF-8"?>
<!-- Generated by org.testng.reporters.JUnitXMLReporter -->
<testsuite ignored="0" hostname="DESKTOP-3QDGDBE" failures="0" tests="4" name="Test" time="0.036" errors="0" timestamp="2023-02-09T23:55:35 IST">
  <testcase classname="practice.Introduction" name="Hello" time="0.007"/>
  <testcase classname="practice.Introduction" name="Hello2" time="0.0"/>
  <testcase classname="practice.Introduction2" name="print" time="0.001"/>
  <testcase classname="practice.Introduction2" name="print2" time="0.0"/>
</testsuite> <!-- Test -->
