<?xml version="1.0" encoding="UTF-8"?>
<testng-results ignored="0" total="2" passed="2" failed="0" skipped="0">
  <reporter-output>
  </reporter-output>
  <suite started-at="2023-02-18T17:00:35 IST" name="Suite" finished-at="2023-02-18T17:00:36 IST" duration-ms="753">
    <groups>
    </groups>
    <test started-at="2023-02-18T17:00:35 IST" name="Class" finished-at="2023-02-18T17:00:36 IST" duration-ms="753">
      <class name="practice.Class1">
        <test-method is-config="true" signature="initialize()[pri:0, instance:practice.Class1@e15b7e8]" started-at="2023-02-18T17:00:35 IST" name="initialize" finished-at="2023-02-18T17:00:36 IST" duration-ms="303" status="PASS">
          <reporter-output>
          </reporter-output>
        </test-method> <!-- initialize -->
        <test-method signature="Hello()[pri:0, instance:practice.Class1@e15b7e8]" started-at="2023-02-18T17:00:36 IST" name="Hello" finished-at="2023-02-18T17:00:36 IST" duration-ms="12" status="PASS">
          <reporter-output>
          </reporter-output>
        </test-method> <!-- Hello -->
        <test-method signature="Hello2()[pri:0, instance:practice.Class1@e15b7e8]" started-at="2023-02-18T17:00:36 IST" name="Hello2" finished-at="2023-02-18T17:00:36 IST" duration-ms="1" status="PASS">
          <reporter-output>
          </reporter-output>
        </test-method> <!-- Hello2 -->
        <test-method is-config="true" signature="report()[pri:0, instance:practice.Class1@e15b7e8]" started-at="2023-02-18T17:00:36 IST" name="report" finished-at="2023-02-18T17:00:36 IST" duration-ms="400" status="PASS">
          <reporter-output>
          </reporter-output>
        </test-method> <!-- report -->
      </class> <!-- practice.Class1 -->
    </test> <!-- Class -->
  </suite> <!-- Suite -->
</testng-results>
